<?xml version="1.0" encoding="UTF-8"?>
<!-- Generated by org.testng.reporters.JUnitReportReporter -->
<testsuite hostname="AZVDCNKCR0269-0" failures="0" tests="3" name="com.WebOrder.WebOrder_UpdateOrder_VerifyOrder" time="12.479" errors="0" timestamp="2023-08-21T17:15:43 UTC" skipped="0">
  <testcase classname="com.WebOrder.WebOrder_UpdateOrder_VerifyOrder" name="login_to_app" time="1.779"/>
  <testcase classname="com.WebOrder.WebOrder_UpdateOrder_VerifyOrder" name="createOrder" time="6.692"/>
  <testcase classname="com.WebOrder.WebOrder_UpdateOrder_VerifyOrder" name="update_order" time="4.008"/>
</testsuite> <!-- com.WebOrder.WebOrder_UpdateOrder_VerifyOrder -->
