<?xml version="1.0" encoding="UTF-8"?>
<!-- Generated by org.testng.reporters.JUnitReportReporter -->
<testsuite hostname="AZVDCNKCR0269-0" failures="0" tests="1" name="com.WebOrder.WebOrder_Login_Headless_Browser" time="1.704" errors="0" timestamp="2023-08-22T17:29:03 UTC" skipped="0">
  <testcase classname="com.WebOrder.WebOrder_Login_Headless_Browser" name="login_to_app" time="1.704"/>
</testsuite> <!-- com.WebOrder.WebOrder_Login_Headless_Browser -->
