<?xml version="1.0" encoding="UTF-8"?>
<!-- Generated by org.testng.reporters.JUnitReportReporter -->
<testsuite hostname="AZVDCNKCR0269-0" failures="0" tests="1" name="com.WebOrder.WebTable_Pagination_Sort" time="9.273" errors="0" timestamp="2023-08-23T21:01:52 UTC" skipped="0">
  <testcase classname="com.WebOrder.WebTable_Pagination_Sort" name="verifySort" time="9.273"/>
</testsuite> <!-- com.WebOrder.WebTable_Pagination_Sort -->
