<?xml version="1.0" encoding="UTF-8"?>
<!-- Generated by org.testng.reporters.JUnitReportReporter -->
<testsuite hostname="AZVDCNKCR0269-0" failures="0" tests="1" name="com.WebOrder.Scroll_ToElement_Example" time="13.373" errors="0" timestamp="2023-08-23T15:23:54 UTC" skipped="0">
  <testcase classname="com.WebOrder.Scroll_ToElement_Example" name="ByPage" time="13.373"/>
</testsuite> <!-- com.WebOrder.Scroll_ToElement_Example -->
