<?xml version="1.0" encoding="UTF-8"?>
<!-- Generated by org.testng.reporters.JUnitReportReporter -->
<testsuite hostname="AZVDCNKCR0269-0" failures="0" tests="7" name="com.spree.Spree_FilterBrand_NumItem" time="22.521" errors="0" timestamp="2023-08-23T13:15:17 UTC" skipped="0">
  <testcase classname="com.spree.Spree_FilterBrand_NumItem" name="selectBrand" time="3.186"/>
  <testcase classname="com.spree.Spree_FilterBrand_NumItem" name="selectBrand" time="3.158"/>
  <testcase classname="com.spree.Spree_FilterBrand_NumItem" name="selectBrand" time="3.523"/>
  <testcase classname="com.spree.Spree_FilterBrand_NumItem" name="selectBrand" time="3.163"/>
  <testcase classname="com.spree.Spree_FilterBrand_NumItem" name="selectBrand" time="3.168"/>
  <testcase classname="com.spree.Spree_FilterBrand_NumItem" name="selectBrand" time="3.147"/>
  <testcase classname="com.spree.Spree_FilterBrand_NumItem" name="selectBrand" time="3.176"/>
</testsuite> <!-- com.spree.Spree_FilterBrand_NumItem -->
