<?xml version="1.0" encoding="UTF-8"?>
<!-- Generated by org.testng.reporters.JUnitReportReporter -->
<testsuite hostname="AZVDCNKCR0269-0" failures="0" tests="2" name="com.WebOrder.WebOrder_Login_Create_Unique_Order" time="8.501" errors="0" timestamp="2023-08-22T16:47:02 UTC" skipped="0">
  <testcase classname="com.WebOrder.WebOrder_Login_Create_Unique_Order" name="login_to_app" time="1.704"/>
  <testcase classname="com.WebOrder.WebOrder_Login_Create_Unique_Order" name="createOrder" time="6.797"/>
</testsuite> <!-- com.WebOrder.WebOrder_Login_Create_Unique_Order -->
