<?xml version="1.0" encoding="UTF-8"?>
<!-- Generated by org.testng.reporters.JUnitReportReporter -->
<testsuite hostname="AZVDCNKCR0269-0" failures="0" tests="5" name="com.WebOrder.WebOrder_Login_All_TCs_Example" time="4.213" errors="0" timestamp="2023-08-22T16:47:02 UTC" skipped="0">
  <testcase classname="com.WebOrder.WebOrder_Login_All_TCs_Example" name="login_to_app" time="0.414"/>
  <testcase classname="com.WebOrder.WebOrder_Login_All_TCs_Example" name="login_to_app" time="2.619"/>
  <testcase classname="com.WebOrder.WebOrder_Login_All_TCs_Example" name="login_to_app" time="0.395"/>
  <testcase classname="com.WebOrder.WebOrder_Login_All_TCs_Example" name="login_to_app" time="0.381"/>
  <testcase classname="com.WebOrder.WebOrder_Login_All_TCs_Example" name="login_to_app" time="0.404"/>
</testsuite> <!-- com.WebOrder.WebOrder_Login_All_TCs_Example -->
