<?xml version="1.0" encoding="UTF-8"?>
<!-- Generated by org.testng.reporters.JUnitReportReporter -->
<testsuite hostname="AZVDCNKCR0269-0" failures="0" tests="1" name="com.WebOrder.WebTable_Pagination_Example" time="34.049" errors="0" timestamp="2023-08-23T17:11:19 UTC" skipped="0">
  <testcase classname="com.WebOrder.WebTable_Pagination_Example" name="Pagination_Example" time="34.049"/>
</testsuite> <!-- com.WebOrder.WebTable_Pagination_Example -->
