<?xml version="1.0" encoding="UTF-8"?>
<!-- Generated by org.testng.reporters.JUnitReportReporter -->
<testsuite hostname="AZVDCNKCR0269-0" failures="0" tests="7" name="com.spree.Spree_FilterBrand_NumItem" time="22.274" errors="0" timestamp="2023-08-23T02:49:29 UTC" skipped="0">
  <testcase classname="com.spree.Spree_FilterBrand_NumItem" name="selectBrand" time="3.179"/>
  <testcase classname="com.spree.Spree_FilterBrand_NumItem" name="selectBrand" time="3.150"/>
  <testcase classname="com.spree.Spree_FilterBrand_NumItem" name="selectBrand" time="3.177"/>
  <testcase classname="com.spree.Spree_FilterBrand_NumItem" name="selectBrand" time="3.160"/>
  <testcase classname="com.spree.Spree_FilterBrand_NumItem" name="selectBrand" time="3.255"/>
  <testcase classname="com.spree.Spree_FilterBrand_NumItem" name="selectBrand" time="3.188"/>
  <testcase classname="com.spree.Spree_FilterBrand_NumItem" name="selectBrand" time="3.165"/>
</testsuite> <!-- com.spree.Spree_FilterBrand_NumItem -->
