<?xml version="1.0" encoding="UTF-8"?>
<!-- Generated by org.testng.reporters.JUnitReportReporter -->
<testsuite hostname="AZVDCNKCR0269-0" failures="0" tests="1" name="com.spree.Spree_CreateAddress_AddItem_VerifyCart" time="19.176" errors="0" timestamp="2023-08-22T13:16:26 UTC" skipped="0">
  <testcase classname="com.spree.Spree_CreateAddress_AddItem_VerifyCart" name="f" time="19.176"/>
</testsuite> <!-- com.spree.Spree_CreateAddress_AddItem_VerifyCart -->
