<?xml version="1.0" encoding="UTF-8"?>
<!-- Generated by org.testng.reporters.JUnitReportReporter -->
<testsuite hostname="AZVDCNKCR0269-0" failures="0" tests="2" name="com.WebOrder.WebOrder_Login_CreateOrder_VerifyOrder" time="3.501" errors="0" timestamp="2023-08-21T16:31:35 UTC" skipped="0">
  <testcase classname="com.WebOrder.WebOrder_Login_CreateOrder_VerifyOrder" name="login_to_app" time="1.798"/>
  <testcase classname="com.WebOrder.WebOrder_Login_CreateOrder_VerifyOrder" name="createOrder" time="1.703"/>
</testsuite> <!-- com.WebOrder.WebOrder_Login_CreateOrder_VerifyOrder -->
