<?xml version="1.0" encoding="UTF-8"?>
<!-- Generated by org.testng.reporters.JUnitReportReporter -->
<testsuite hostname="AZVDCNKCR0269-0" failures="0" tests="1" name="com.nopcommerce.NOP_CreateProduct_DeleteProduct_Verify" time="3.019" errors="0" timestamp="2023-08-23T21:13:29 UTC" skipped="0">
  <testcase classname="com.nopcommerce.NOP_CreateProduct_DeleteProduct_Verify" name="f" time="3.019"/>
</testsuite> <!-- com.nopcommerce.NOP_CreateProduct_DeleteProduct_Verify -->
