<?xml version="1.0" encoding="UTF-8"?>
<!-- Generated by org.testng.reporters.JUnitReportReporter -->
<testsuite hostname="AZVDCNKCR0269-0" failures="0" tests="1" name="com.spree.Mouse_Hover_MEN_Category" time="8.636" errors="0" timestamp="2023-08-23T15:50:06 UTC" skipped="0">
  <testcase classname="com.spree.Mouse_Hover_MEN_Category" name="MouseHoverAmazon" time="8.636"/>
</testsuite> <!-- com.spree.Mouse_Hover_MEN_Category -->
