<?xml version="1.0" encoding="UTF-8"?>
<!-- Generated by org.testng.reporters.JUnitReportReporter -->
<testsuite hostname="Minhs-Air.lan" failures="0" tests="1" name="com.nopcommerce.NOP_CreateProduct_DeleteProduct_Verify" time="5.843" errors="0" timestamp="2023-08-23T23:15:02 CDT" skipped="0">
  <testcase classname="com.nopcommerce.NOP_CreateProduct_DeleteProduct_Verify" name="addProduct" time="5.843"/>
</testsuite> <!-- com.nopcommerce.NOP_CreateProduct_DeleteProduct_Verify -->
