<?xml version="1.0" encoding="UTF-8"?>
<!-- Generated by org.testng.reporters.JUnitReportReporter -->
<testsuite hostname="AZVDCNKCR0269-0" failures="0" tests="2" name="com.spree.DragAndDrop_Example" time="26.436" errors="0" timestamp="2023-08-23T16:00:28 UTC" skipped="0">
  <testcase classname="com.spree.DragAndDrop_Example" name="DragDrop_usingObjectElement" time="13.293"/>
  <testcase classname="com.spree.DragAndDrop_Example" name="DragDrop" time="13.143"/>
</testsuite> <!-- com.spree.DragAndDrop_Example -->
