<?xml version="1.0" encoding="UTF-8"?>
<!-- Generated by org.testng.reporters.JUnitReportReporter -->
<testsuite hostname="AZVDCNKCR0269-0" failures="0" tests="1" name="com.WebOrder.WebTable_Pagination_SearchName" time="13.503" errors="0" timestamp="2023-08-23T20:47:39 UTC" skipped="0">
  <testcase classname="com.WebOrder.WebTable_Pagination_SearchName" name="searchName" time="13.503"/>
</testsuite> <!-- com.WebOrder.WebTable_Pagination_SearchName -->
