<?xml version="1.0" encoding="UTF-8"?>
<!-- Generated by org.testng.reporters.JUnitReportReporter -->
<testsuite hostname="AZVDCNKCR0269-0" failures="0" tests="15" name="com.WebOrder.WebOrder_CreateOrder_DataDrivenTest" time="40.044" errors="0" timestamp="2023-08-23T02:42:46 UTC" skipped="0">
  <testcase classname="com.WebOrder.WebOrder_CreateOrder_DataDrivenTest" name="create_order" time="2.536"/>
  <testcase classname="com.WebOrder.WebOrder_CreateOrder_DataDrivenTest" name="create_order" time="2.541"/>
  <testcase classname="com.WebOrder.WebOrder_CreateOrder_DataDrivenTest" name="create_order" time="2.525"/>
  <testcase classname="com.WebOrder.WebOrder_CreateOrder_DataDrivenTest" name="create_order" time="2.799"/>
  <testcase classname="com.WebOrder.WebOrder_CreateOrder_DataDrivenTest" name="create_order" time="2.583"/>
  <testcase classname="com.WebOrder.WebOrder_CreateOrder_DataDrivenTest" name="create_order" time="2.512"/>
  <testcase classname="com.WebOrder.WebOrder_CreateOrder_DataDrivenTest" name="create_order" time="2.636"/>
  <testcase classname="com.WebOrder.WebOrder_CreateOrder_DataDrivenTest" name="create_order" time="2.524"/>
  <testcase classname="com.WebOrder.WebOrder_CreateOrder_DataDrivenTest" name="create_order" time="2.621"/>
  <testcase classname="com.WebOrder.WebOrder_CreateOrder_DataDrivenTest" name="create_order" time="2.541"/>
  <testcase classname="com.WebOrder.WebOrder_CreateOrder_DataDrivenTest" name="create_order" time="2.554"/>
  <testcase classname="com.WebOrder.WebOrder_CreateOrder_DataDrivenTest" name="create_order" time="2.924"/>
  <testcase classname="com.WebOrder.WebOrder_CreateOrder_DataDrivenTest" name="create_order" time="3.343"/>
  <testcase classname="com.WebOrder.WebOrder_CreateOrder_DataDrivenTest" name="create_order" time="2.838"/>
  <testcase classname="com.WebOrder.WebOrder_CreateOrder_DataDrivenTest" name="create_order" time="2.567"/>
</testsuite> <!-- com.WebOrder.WebOrder_CreateOrder_DataDrivenTest -->
