<?xml version="1.0" encoding="UTF-8"?>
<!-- Generated by org.testng.reporters.JUnitReportReporter -->
<testsuite hostname="AZVDCNKCR0269-0" failures="0" tests="1" name="com.WebOrder.Mobile_Browser_View_WebOrder_Login" time="3.757" errors="0" timestamp="2023-08-23T16:14:13 UTC" skipped="0">
  <testcase classname="com.WebOrder.Mobile_Browser_View_WebOrder_Login" name="SignOn" time="3.757"/>
</testsuite> <!-- com.WebOrder.Mobile_Browser_View_WebOrder_Login -->
