<?xml version="1.0" encoding="UTF-8"?>
<!-- Generated by org.testng.reporters.JUnitReportReporter -->
<testsuite hostname="AZVDCNKCR0269-0" failures="0" tests="1" name="com.spree.Spree_VerifyCheckout" time="25.231" errors="0" timestamp="2023-08-22T13:17:41 UTC" skipped="0">
  <testcase classname="com.spree.Spree_VerifyCheckout" name="f" time="25.231"/>
</testsuite> <!-- com.spree.Spree_VerifyCheckout -->
