<?xml version="1.0" encoding="UTF-8"?>
<!-- Generated by org.testng.reporters.JUnitReportReporter -->
<testsuite hostname="AZVDCNKCR0269-0" failures="0" tests="5" name="com.WebOrder.WebOrder_Login_DataDrivenTest" time="10.210" errors="0" timestamp="2023-08-23T14:30:37 UTC" skipped="0">
  <testcase classname="com.WebOrder.WebOrder_Login_DataDrivenTest" name="login_to_app" time="1.995"/>
  <testcase classname="com.WebOrder.WebOrder_Login_DataDrivenTest" name="login_to_app" time="2.420"/>
  <testcase classname="com.WebOrder.WebOrder_Login_DataDrivenTest" name="login_to_app" time="1.863"/>
  <testcase classname="com.WebOrder.WebOrder_Login_DataDrivenTest" name="login_to_app" time="1.881"/>
  <testcase classname="com.WebOrder.WebOrder_Login_DataDrivenTest" name="login_to_app" time="2.051"/>
</testsuite> <!-- com.WebOrder.WebOrder_Login_DataDrivenTest -->
