<?xml version="1.0" encoding="UTF-8"?>
<!-- Generated by org.testng.reporters.JUnitReportReporter -->
<testsuite hostname="AZVDCNKCR0269-0" failures="0" tests="3" name="com.WebOrder.WebOrder_Login_Parameter_Example" time="9.635" errors="0" timestamp="2023-08-22T16:04:35 UTC" skipped="0">
  <testcase classname="com.WebOrder.WebOrder_Login_Parameter_Example" name="login_to_app" time="4.663"/>
  <testcase classname="com.WebOrder.WebOrder_Login_Parameter_Example" name="login_to_app" time="2.560"/>
  <testcase classname="com.WebOrder.WebOrder_Login_Parameter_Example" name="login_to_app" time="2.412"/>
</testsuite> <!-- com.WebOrder.WebOrder_Login_Parameter_Example -->
