<?xml version="1.0" encoding="UTF-8"?>
<!-- Generated by org.testng.reporters.JUnitReportReporter -->
<testsuite hostname="AZVDCNKCR0269-0" failures="0" tests="4" name="com.WebOrder.WebOrder_DeleteOrder_VerifyOrder" time="15.533" errors="0" timestamp="2023-08-22T16:47:02 UTC" skipped="0">
  <testcase classname="com.WebOrder.WebOrder_DeleteOrder_VerifyOrder" name="login_to_app" time="1.759"/>
  <testcase classname="com.WebOrder.WebOrder_DeleteOrder_VerifyOrder" name="createOrder" time="6.683"/>
  <testcase classname="com.WebOrder.WebOrder_DeleteOrder_VerifyOrder" name="update_order" time="6.503"/>
  <testcase classname="com.WebOrder.WebOrder_DeleteOrder_VerifyOrder" name="delete_order" time="0.588"/>
</testsuite> <!-- com.WebOrder.WebOrder_DeleteOrder_VerifyOrder -->
