<?xml version="1.0" encoding="UTF-8"?>
<!-- Generated by org.testng.reporters.JUnitReportReporter -->
<testsuite hostname="AZVDCNKCR0269-0" failures="0" tests="1" name="com.WebOrder.WebOrder_Login_TestNG" time="5.951" errors="0" timestamp="2023-08-18T17:27:17 UTC" skipped="0">
  <testcase classname="com.WebOrder.WebOrder_Login_TestNG" name="login_to_app" time="5.951"/>
</testsuite> <!-- com.WebOrder.WebOrder_Login_TestNG -->
