<?xml version="1.0" encoding="UTF-8"?>
<!-- Generated by org.testng.reporters.JUnitReportReporter -->
<testsuite hostname="AZVDCNKCR0269-0" failures="0" tests="3" name="com.spree.Spree_CreateAddress_VerifyAddress" time="8.283" errors="0" timestamp="2023-08-22T13:14:17 UTC" skipped="0">
  <testcase classname="com.spree.Spree_CreateAddress_VerifyAddress" name="login" time="2.249"/>
  <testcase classname="com.spree.Spree_CreateAddress_VerifyAddress" name="addAddress" time="2.951"/>
  <testcase classname="com.spree.Spree_CreateAddress_VerifyAddress" name="addSameAddress" time="3.083"/>
</testsuite> <!-- com.spree.Spree_CreateAddress_VerifyAddress -->
