<?xml version="1.0" encoding="UTF-8"?>
<!-- Generated by org.testng.reporters.JUnitReportReporter -->
<testsuite hostname="AZVDCNKCR0269-0" failures="0" tests="3" name="com.WebOrder.WebOrder_Login_DataDrivenTest" time="6.498" errors="0" timestamp="2023-08-22T14:28:37 UTC" skipped="0">
  <testcase classname="com.WebOrder.WebOrder_Login_DataDrivenTest" name="login_to_app" time="1.946"/>
  <testcase classname="com.WebOrder.WebOrder_Login_DataDrivenTest" name="login_to_app" time="1.906"/>
  <testcase classname="com.WebOrder.WebOrder_Login_DataDrivenTest" name="login_to_app" time="2.646"/>
</testsuite> <!-- com.WebOrder.WebOrder_Login_DataDrivenTest -->
