<?xml version="1.0" encoding="UTF-8"?>
<!-- Generated by org.testng.reporters.JUnitReportReporter -->
<testsuite hostname="AZVDCNKCR0269-0" failures="0" tests="1" name="com.WebOrder.WebOrder_Login_Get_Text_URL_Title" time="1.712" errors="0" timestamp="2023-08-21T16:31:21 UTC" skipped="0">
  <testcase classname="com.WebOrder.WebOrder_Login_Get_Text_URL_Title" name="login_to_app" time="1.712"/>
</testsuite> <!-- com.WebOrder.WebOrder_Login_Get_Text_URL_Title -->
