<?xml version="1.0" encoding="UTF-8"?>
<!-- Generated by org.testng.reporters.JUnitReportReporter -->
<testsuite hostname="Minhs-Air.lan" failures="0" tests="1" name="com.WebOrder.WebTable_Pagination_Sort" time="7.313" errors="0" timestamp="2023-08-23T19:39:39 CDT" skipped="0">
  <testcase classname="com.WebOrder.WebTable_Pagination_Sort" name="verifySort" time="7.313"/>
</testsuite> <!-- com.WebOrder.WebTable_Pagination_Sort -->
